<?xml version="1.0" encoding="UTF-8"?>
<!-- Generated by org.testng.reporters.JUnitXMLReporter -->
<testsuite ignored="1" hostname="LAPTOP-R2SOFEHI" failures="0" tests="1" name="Default test" time="7.746" errors="0" timestamp="2022-05-24T12:51:29 IST">
  <testcase classname="com.orangehrm.Testcases.LoginTestCase" name="forgotPasswordlink" time="1.054"/>
  <testcase classname="com.orangehrm.Testcases.LoginTestCase" name="loginApp" time="0.0">
    <ignored/>
  </testcase> <!-- loginApp -->
</testsuite> <!-- Default test -->
