<?xml version="1.0" encoding="UTF-8"?>
<!-- Generated by org.testng.reporters.JUnitXMLReporter -->
<testsuite ignored="0" hostname="LAPTOP-R2SOFEHI" failures="1" tests="1" name="Home Heasers Test" time="0.007" errors="0" timestamp="2022-05-24T18:07:27 IST">
  <testcase classname="com.orangehrm.Testcases.HomePageTestcase" name="homepageMainmenu" time="0.004">
    <failure type="java.lang.NullPointerException">
      <![CDATA[java.lang.NullPointerException
at org.openqa.selenium.support.pagefactory.DefaultElementLocator.findElements(DefaultElementLocator.java:87)
at org.openqa.selenium.support.pagefactory.internal.LocatingElementListHandler.invoke(LocatingElementListHandler.java:37)
at com.sun.proxy.$Proxy17.size(Unknown Source)
at com.orangehrm.pages.HomePage.mainMenuFunction(HomePage.java:43)
at com.orangehrm.Testcases.HomePageTestcase.homepageMainmenu(HomePageTestcase.java:19)
at java.base/java.util.ArrayList.forEach(ArrayList.java:1541)
... Removed 27 stack frames]]>
    </failure>
  </testcase> <!-- homepageMainmenu -->
</testsuite> <!-- Home Heasers Test -->
