<?xml version="1.0" encoding="UTF-8"?>
<!-- Generated by org.testng.reporters.JUnitXMLReporter -->
<testsuite ignored="1" hostname="LAPTOP-R2SOFEHI" failures="0" tests="1" name="LoginTest" time="11.502" errors="0" timestamp="2022-05-24T18:07:27 IST">
  <testcase classname="com.orangehrm.Testcases.LoginTestCase" name="loginApp" time="4.329"/>
  <testcase classname="com.orangehrm.Testcases.LoginTestCase" name="forgotPasswordlink" time="0.0">
    <ignored/>
  </testcase> <!-- forgotPasswordlink -->
</testsuite> <!-- LoginTest -->
