<?xml version="1.0" encoding="UTF-8"?>
<!-- Generated by org.testng.reporters.JUnitXMLReporter -->
<testsuite ignored="1" hostname="LAPTOP-R2SOFEHI" failures="0" tests="1" name="Test" time="10.382" errors="0" timestamp="2022-05-24T18:05:11 IST">
  <testcase classname="com.orangehrm.Testcases.LoginTestCase" name="loginApp" time="3.392"/>
  <testcase classname="com.orangehrm.Testcases.LoginTestCase" name="forgotPasswordlink" time="0.0">
    <ignored/>
  </testcase> <!-- forgotPasswordlink -->
</testsuite> <!-- Test -->
