<?xml version="1.0" encoding="UTF-8"?>
<!-- Generated by org.testng.reporters.JUnitXMLReporter -->
<testsuite ignored="1" hostname="LAPTOP-R2SOFEHI" failures="0" tests="1" name="Command line test" time="7.616" errors="0" timestamp="2022-05-24T12:58:43 IST">
  <testcase classname="com.orangehrm.Testcases.LoginTestCase" name="forgotPasswordlink" time="1.06"/>
  <testcase classname="com.orangehrm.Testcases.LoginTestCase" name="loginApp" time="0.0">
    <ignored/>
  </testcase> <!-- loginApp -->
</testsuite> <!-- Command line test -->
