<?xml version="1.0" encoding="UTF-8"?>
<!-- Generated by org.testng.reporters.JUnitXMLReporter -->
<testsuite ignored="0" hostname="LAPTOP-R2SOFEHI" failures="1" tests="1" name="Home_Headers" time="0.016" errors="0" timestamp="2022-05-24T17:33:34 IST">
  <testcase classname="com.orangehrm.Testcases.HomePageTestcase" name="homepageMainmenu" time="0.008">
    <failure type="java.lang.NullPointerException">
      <![CDATA[java.lang.NullPointerException
at org.openqa.selenium.support.pagefactory.DefaultElementLocator.findElements(DefaultElementLocator.java:87)
at org.openqa.selenium.support.pagefactory.internal.LocatingElementListHandler.invoke(LocatingElementListHandler.java:37)
at com.sun.proxy.$Proxy16.size(Unknown Source)
at com.orangehrm.pages.HomePage.mainMenuFunction(HomePage.java:43)
at com.orangehrm.Testcases.HomePageTestcase.homepageMainmenu(HomePageTestcase.java:19)
at java.base/java.util.concurrent.ThreadPoolExecutor.runWorker(ThreadPoolExecutor.java:1128)
at java.base/java.util.concurrent.ThreadPoolExecutor$Worker.run(ThreadPoolExecutor.java:628)
at java.base/java.lang.Thread.run(Thread.java:834)
... Removed 12 stack frames]]>
    </failure>
  </testcase> <!-- homepageMainmenu -->
</testsuite> <!-- Home_Headers -->
