<?xml version="1.0" encoding="UTF-8"?>
<!-- Generated by org.testng.reporters.JUnitXMLReporter -->
<testsuite ignored="3" hostname="LAPTOP-R2SOFEHI" failures="0" tests="3" name="Test" time="15.545" errors="0" timestamp="2022-05-31T11:26:07 IST">
  <testcase classname="com.orangehrm.Testcases.LoginTestCase" name="loginApp" time="6.187"/>
  <testcase classname="com.orangehrm.Testcases.HomePageTestcase" name="homepageMainmenu" time="0.508"/>
  <testcase classname="com.orangehrm.Testcases.HomePageTestcase" name="newUserCreation" time="8.822"/>
  <testcase classname="com.orangehrm.pages.BaseClass" name="@BeforeSuite startApplication" time="0.0">
    <ignored/>
  </testcase> <!-- @BeforeSuite startApplication -->
  <testcase classname="com.orangehrm.pages.BaseClass" name="@AfterSuite closeApplication" time="0.0">
    <ignored/>
  </testcase> <!-- @AfterSuite closeApplication -->
  <testcase classname="com.orangehrm.Testcases.LoginTestCase" name="forgotPasswordlink" time="0.0">
    <ignored/>
  </testcase> <!-- forgotPasswordlink -->
</testsuite> <!-- Test -->
