<?xml version="1.0" encoding="UTF-8"?>
<!-- Generated by org.testng.reporters.JUnitXMLReporter -->
<testsuite ignored="1" hostname="LAPTOP-R2SOFEHI" failures="1" tests="2" name="LoginTest" time="13.723" errors="0" timestamp="2022-05-24T18:19:02 IST">
  <testcase classname="com.orangehrm.Testcases.LoginTestCase" name="loginApp" time="4.904"/>
  <testcase classname="com.orangehrm.Testcases.HomePageTestcase" name="homepageMainmenu" time="0.008">
    <failure type="java.lang.NullPointerException">
      <![CDATA[java.lang.NullPointerException
at org.openqa.selenium.support.pagefactory.DefaultElementLocator.findElements(DefaultElementLocator.java:87)
at org.openqa.selenium.support.pagefactory.internal.LocatingElementListHandler.invoke(LocatingElementListHandler.java:37)
at com.sun.proxy.$Proxy17.size(Unknown Source)
at com.orangehrm.pages.HomePage.mainMenuFunction(HomePage.java:43)
at com.orangehrm.Testcases.HomePageTestcase.homepageMainmenu(HomePageTestcase.java:19)
at java.base/java.util.ArrayList.forEach(ArrayList.java:1541)
... Removed 27 stack frames]]>
    </failure>
  </testcase> <!-- homepageMainmenu -->
  <testcase classname="com.orangehrm.Testcases.LoginTestCase" name="forgotPasswordlink" time="0.0">
    <ignored/>
  </testcase> <!-- forgotPasswordlink -->
</testsuite> <!-- LoginTest -->
