<?xml version="1.0" encoding="UTF-8"?>
<!-- Generated by org.testng.reporters.JUnitXMLReporter -->
<testsuite ignored="1" hostname="LAPTOP-R2SOFEHI" failures="1" tests="3" name="Test" time="15.699" errors="0" timestamp="2022-05-24T17:41:19 IST">
  <testcase classname="com.orangehrm.Testcases.HomePageTestcase" name="homepageMainmenu" time="0.036">
    <failure type="java.lang.NullPointerException">
      <![CDATA[java.lang.NullPointerException
at org.openqa.selenium.support.pagefactory.DefaultElementLocator.findElements(DefaultElementLocator.java:87)
at org.openqa.selenium.support.pagefactory.internal.LocatingElementListHandler.invoke(LocatingElementListHandler.java:37)
at com.sun.proxy.$Proxy11.size(Unknown Source)
at com.orangehrm.pages.HomePage.mainMenuFunction(HomePage.java:43)
at com.orangehrm.Testcases.HomePageTestcase.homepageMainmenu(HomePageTestcase.java:19)
at java.base/java.util.concurrent.ThreadPoolExecutor.runWorker(ThreadPoolExecutor.java:1128)
at java.base/java.util.concurrent.ThreadPoolExecutor$Worker.run(ThreadPoolExecutor.java:628)
at java.base/java.lang.Thread.run(Thread.java:834)
... Removed 12 stack frames]]>
    </failure>
  </testcase> <!-- homepageMainmenu -->
  <testcase classname="com.orangehrm.Testcases.LoginTestCase" name="loginApp" time="4.781"/>
  <testcase classname="com.orangehrm.Testcases.LoginTestCase" name="homepageMainmenu" time="0.389"/>
  <testcase classname="com.orangehrm.Testcases.LoginTestCase" name="forgotPasswordlink" time="0.0">
    <ignored/>
  </testcase> <!-- forgotPasswordlink -->
</testsuite> <!-- Test -->
