<?xml version="1.0" encoding="UTF-8"?>
<!-- Generated by org.testng.reporters.JUnitXMLReporter -->
<testsuite ignored="3" hostname="LAPTOP-R2SOFEHI" failures="1" tests="3" name="Test" time="63.323" errors="0" timestamp="2022-05-31T12:00:44 IST">
  <testcase classname="com.orangehrm.Testcases.LoginTestCase" name="loginApp" time="3.147"/>
  <testcase classname="com.orangehrm.Testcases.HomePageTestcase" name="homepageMainmenu" time="30.074"/>
  <testcase classname="com.orangehrm.Testcases.HomePageTestcase" name="newUserCreation" time="30.026">
    <failure type="java.lang.IndexOutOfBoundsException" message="Index 0 out of bounds for length 0">
      <![CDATA[java.lang.IndexOutOfBoundsException: Index 0 out of bounds for length 0
at java.base/jdk.internal.util.Preconditions.outOfBounds(Preconditions.java:64)
at java.base/jdk.internal.util.Preconditions.outOfBoundsCheckIndex(Preconditions.java:70)
at java.base/jdk.internal.util.Preconditions.checkIndex(Preconditions.java:248)
at java.base/java.util.Objects.checkIndex(Objects.java:372)
at java.base/java.util.ArrayList.get(ArrayList.java:459)
at org.openqa.selenium.support.pagefactory.internal.LocatingElementListHandler.invoke(LocatingElementListHandler.java:40)
at com.sun.proxy.$Proxy14.get(Unknown Source)
at com.orangehrm.pages.HomePage.adminTab(HomePage.java:104)
at com.orangehrm.Testcases.HomePageTestcase.newUserCreation(HomePageTestcase.java:31)
at java.base/java.util.ArrayList.forEach(ArrayList.java:1541)
... Removed 35 stack frames]]>
    </failure>
  </testcase> <!-- newUserCreation -->
  <testcase classname="com.orangehrm.pages.BaseClass" name="@AfterSuite closeApplication" time="0.0">
    <ignored/>
  </testcase> <!-- @AfterSuite closeApplication -->
  <testcase classname="com.orangehrm.pages.BaseClass" name="@BeforeSuite startApplication" time="0.0">
    <ignored/>
  </testcase> <!-- @BeforeSuite startApplication -->
  <testcase classname="com.orangehrm.Testcases.LoginTestCase" name="forgotPasswordlink" time="0.0">
    <ignored/>
  </testcase> <!-- forgotPasswordlink -->
</testsuite> <!-- Test -->
