<?xml version="1.0" encoding="UTF-8"?>
<testng-results ignored="1" total="2" passed="1" failed="0" skipped="0">
  <reporter-output>
  </reporter-output>
  <suite started-at="2022-05-24T12:58:36 IST" name="com.orangehrm.Testcases.LoginTestCase" finished-at="2022-05-24T12:58:43 IST" duration-ms="7616">
    <groups>
    </groups>
    <test started-at="2022-05-24T12:58:36 IST" name="Command line test" finished-at="2022-05-24T12:58:43 IST" duration-ms="7616">
      <class name="com.orangehrm.Testcases.LoginTestCase">
        <test-method is-config="true" signature="startApplication()[pri:0, instance:com.orangehrm.Testcases.LoginTestCase@bcec361]" started-at="2022-05-24T12:58:36 IST" name="startApplication" finished-at="2022-05-24T12:58:42 IST" duration-ms="6526" status="PASS">
          <reporter-output>
          </reporter-output>
        </test-method> <!-- startApplication -->
        <test-method signature="forgotPasswordlink()[pri:2, instance:com.orangehrm.Testcases.LoginTestCase@bcec361]" started-at="2022-05-24T12:58:42 IST" name="forgotPasswordlink" description="Forgot password link verification" finished-at="2022-05-24T12:58:43 IST" duration-ms="1060" status="PASS">
          <reporter-output>
          </reporter-output>
        </test-method> <!-- forgotPasswordlink -->
      </class> <!-- com.orangehrm.Testcases.LoginTestCase -->
    </test> <!-- Command line test -->
  </suite> <!-- com.orangehrm.Testcases.LoginTestCase -->
</testng-results>
