<?xml version="1.0" encoding="UTF-8"?>
<testng-results ignored="1" total="2" passed="1" failed="0" skipped="0">
  <reporter-output>
  </reporter-output>
  <suite started-at="2022-05-24T12:51:21 IST" name="Default suite" finished-at="2022-05-24T12:51:29 IST" duration-ms="7746">
    <groups>
    </groups>
    <test started-at="2022-05-24T12:51:21 IST" name="Default test" finished-at="2022-05-24T12:51:29 IST" duration-ms="7746">
      <class name="com.orangehrm.Testcases.LoginTestCase">
        <test-method is-config="true" signature="startApplication()[pri:0, instance:com.orangehrm.Testcases.LoginTestCase@5a45133e]" started-at="2022-05-24T12:51:21 IST" name="startApplication" finished-at="2022-05-24T12:51:27 IST" duration-ms="6661" status="PASS">
          <reporter-output>
          </reporter-output>
        </test-method> <!-- startApplication -->
        <test-method signature="forgotPasswordlink()[pri:2, instance:com.orangehrm.Testcases.LoginTestCase@5a45133e]" started-at="2022-05-24T12:51:27 IST" name="forgotPasswordlink" description="Forgot password link verification" finished-at="2022-05-24T12:51:29 IST" duration-ms="1054" status="PASS">
          <reporter-output>
          </reporter-output>
        </test-method> <!-- forgotPasswordlink -->
      </class> <!-- com.orangehrm.Testcases.LoginTestCase -->
    </test> <!-- Default test -->
  </suite> <!-- Default suite -->
</testng-results>
