<?xml version="1.0" encoding="UTF-8"?>
<testng-results ignored="3" total="6" passed="3" failed="0" skipped="0">
  <reporter-output>
  </reporter-output>
  <suite started-at="2022-05-31T11:25:51 IST" name="Suite" finished-at="2022-05-31T11:26:07 IST" duration-ms="15545">
    <groups>
    </groups>
    <test started-at="2022-05-31T11:25:51 IST" name="Test" finished-at="2022-05-31T11:26:07 IST" duration-ms="15545">
      <class name="com.orangehrm.Testcases.HomePageTestcase">
        <test-method signature="homepageMainmenu()[pri:3, instance:com.orangehrm.Testcases.HomePageTestcase@3012646b]" started-at="2022-05-31T11:25:57 IST" name="homepageMainmenu" description="Home Page Mainmenu Headers verification" finished-at="2022-05-31T11:25:58 IST" duration-ms="508" status="PASS">
          <reporter-output>
          </reporter-output>
        </test-method> <!-- homepageMainmenu -->
        <test-method signature="newUserCreation()[pri:4, instance:com.orangehrm.Testcases.HomePageTestcase@3012646b]" started-at="2022-05-31T11:25:58 IST" name="newUserCreation" description="Creating New User testcase verification" finished-at="2022-05-31T11:26:07 IST" duration-ms="8822" status="PASS">
          <reporter-output>
          </reporter-output>
        </test-method> <!-- newUserCreation -->
      </class> <!-- com.orangehrm.Testcases.HomePageTestcase -->
      <class name="com.orangehrm.Testcases.LoginTestCase">
        <test-method is-config="true" signature="startApplication()[pri:0, instance:com.orangehrm.Testcases.LoginTestCase@2e3967ea]" started-at="2022-05-31T11:25:41 IST" name="startApplication" finished-at="2022-05-31T11:25:51 IST" duration-ms="10352" status="PASS">
          <reporter-output>
          </reporter-output>
        </test-method> <!-- startApplication -->
        <test-method signature="loginApp()[pri:1, instance:com.orangehrm.Testcases.LoginTestCase@2e3967ea]" started-at="2022-05-31T11:25:51 IST" name="loginApp" description="Orange HRM Login Functionality verification" finished-at="2022-05-31T11:25:57 IST" duration-ms="6187" status="PASS">
          <reporter-output>
          </reporter-output>
        </test-method> <!-- loginApp -->
        <test-method is-config="true" signature="closeApplication()[pri:0, instance:com.orangehrm.Testcases.LoginTestCase@2e3967ea]" started-at="2022-05-31T11:26:07 IST" name="closeApplication" finished-at="2022-05-31T11:26:07 IST" duration-ms="693" status="PASS">
          <reporter-output>
          </reporter-output>
        </test-method> <!-- closeApplication -->
      </class> <!-- com.orangehrm.Testcases.LoginTestCase -->
    </test> <!-- Test -->
  </suite> <!-- Suite -->
</testng-results>
